<?xml version="1.0" encoding="UTF-8"?>
<!-- Generated by org.testng.reporters.JUnitReportReporter -->
<testsuite hostname="DESKTOP-7BUE80M" failures="0" tests="3" name="com.testng.TestNG_PriorityAnnotations" time="0.011" errors="0" timestamp="2023-03-21T00:16:56 IST" skipped="0">
  <testcase classname="com.testng.TestNG_PriorityAnnotations" name="Tamil" time="0.008"/>
  <system-out/>
  <testcase classname="com.testng.TestNG_PriorityAnnotations" name="English" time="0.002"/>
  <system-out/>
  <testcase classname="com.testng.TestNG_PriorityAnnotations" name="Maths" time="0.001"/>
  <system-out/>
</testsuite> <!-- com.testng.TestNG_PriorityAnnotations -->
